<?xml version="1.0" encoding="UTF-8"?>
<!-- Generated by org.testng.reporters.JUnitReportReporter -->
<testsuite skipped="0" hostname="BIKRAM-PC" name="Test.Login" tests="3" failures="0" timestamp="13 Jun 2019 19:38:20 GMT" time="32.378" errors="0">
  <testcase name="TC_001" time="16.153" classname="Test.Login"/>
  <testcase name="TC_002" time="8.879" classname="Test.Login"/>
  <testcase name="TC_003" time="7.346" classname="Test.Login"/>
</testsuite> <!-- Test.Login -->
