<?xml version="1.0" encoding="UTF-8"?>
<!-- Generated by org.testng.reporters.JUnitReportReporter -->
<testsuite skipped="0" hostname="BIKRAM-PC" name="Test.Report" tests="3" failures="0" timestamp="13 Jun 2019 19:38:20 GMT" time="52.027" errors="0">
  <testcase name="TC_019" time="14.218" classname="Test.Report"/>
  <testcase name="TC_020" time="20.199" classname="Test.Report"/>
  <testcase name="TC_021" time="17.610" classname="Test.Report"/>
</testsuite> <!-- Test.Report -->
