<?xml version="1.0" encoding="UTF-8"?>
<!-- Generated by org.testng.reporters.JUnitReportReporter -->
<testsuite skipped="0" hostname="BIKRAM-PC" name="jygj" tests="1" failures="0" timestamp="27 May 2019 20:00:14 GMT" time="0.009" errors="0">
  <testcase name="hjj" time="0.009" classname="jygj"/>
</testsuite> <!-- jygj -->
